# JRE version: Java(TM) SE Runtime Environment (16.0.2+7) (build 16.0.2+7-67)
# Java VM: Java HotSpot(TM) 64-Bit Server VM (16.0.2+7-67, mixed mode, sharing, tiered, compressed oops, compressed class ptrs, g1 gc, windows-amd64)
GC Precious Log:
 CPUs: 8 total, 8 available
 Memory: 8029M
 Large Page Support: Disabled
 NUMA Support: Disabled
 Compressed Oops: Enabled (32-bit)
 Heap Region Size: 1M
 Heap Min Capacity: 8M
 Heap Initial Capacity: 126M
 Heap Max Capacity: 2G
 Pre-touch: Disabled
 Parallel Workers: 8
 Concurrent Workers: 2
 Concurrent Refinement Workers: 8
 Periodic GC: Disabled
Heap:
 garbage-first heap   total 78848K, used 53763K [0x0000000080000000, 0x0000000100000000)
  region size 1024K, 32 young (32768K), 6 survivors (6144K)
 Metaspace       used 31180K, committed 31552K, reserved 454656K
  class space    used 4241K, committed 4416K, reserved 421888K
GC Heap History (10 events):
Event: 1.094 GC heap before
{Heap before GC invocations=0 (full 0):
 garbage-first heap   total 129024K, used 28672K [0x0000000080000000, 0x0000000100000000)
  region size 1024K, 23 young (23552K), 0 survivors (0K)
 Metaspace       used 3214K, committed 3328K, reserved 430080K
  class space    used 393K, committed 448K, reserved 421888K
}
Event: 1.101 GC heap after
{Heap after GC invocations=1 (full 0):
 garbage-first heap   total 129024K, used 9399K [0x0000000080000000, 0x0000000100000000)
  region size 1024K, 3 young (3072K), 3 survivors (3072K)
 Metaspace       used 3214K, committed 3328K, reserved 430080K
  class space    used 393K, committed 448K, reserved 421888K
}
Event: 1.654 GC heap before
{Heap before GC invocations=1 (full 0):
 garbage-first heap   total 129024K, used 34999K [0x0000000080000000, 0x0000000100000000)
  region size 1024K, 28 young (28672K), 3 survivors (3072K)
 Metaspace       used 4127K, committed 4288K, reserved 430080K
  class space    used 488K, committed 576K, reserved 421888K
}
Event: 1.658 GC heap after
{Heap after GC invocations=2 (full 0):
 garbage-first heap   total 129024K, used 10279K [0x0000000080000000, 0x0000000100000000)
  region size 1024K, 1 young (1024K), 1 survivors (1024K)
 Metaspace       used 4127K, committed 4288K, reserved 430080K
  class space    used 488K, committed 576K, reserved 421888K
}
Event: 3.393 GC heap before
{Heap before GC invocations=2 (full 0):
 garbage-first heap   total 129024K, used 86055K [0x0000000080000000, 0x0000000100000000)
  region size 1024K, 75 young (76800K), 1 survivors (1024K)
 Metaspace       used 15775K, committed 16064K, reserved 438272K
  class space    used 2246K, committed 2368K, reserved 421888K
}
Event: 3.400 GC heap after
{Heap after GC invocations=3 (full 0):
 garbage-first heap   total 129024K, used 19040K [0x0000000080000000, 0x0000000100000000)
  region size 1024K, 10 young (10240K), 10 survivors (10240K)
 Metaspace       used 15775K, committed 16064K, reserved 438272K
  class space    used 2246K, committed 2368K, reserved 421888K
}
Event: 4.034 GC heap before
{Heap before GC invocations=3 (full 0):
 garbage-first heap   total 129024K, used 55904K [0x0000000080000000, 0x0000000100000000)
  region size 1024K, 47 young (48128K), 10 survivors (10240K)
 Metaspace       used 20960K, committed 21248K, reserved 446464K
  class space    used 3068K, committed 3200K, reserved 421888K
}
Event: 4.041 GC heap after
{Heap after GC invocations=4 (full 0):
 garbage-first heap   total 129024K, used 21404K [0x0000000080000000, 0x0000000100000000)
  region size 1024K, 3 young (3072K), 3 survivors (3072K)
 Metaspace       used 20960K, committed 21248K, reserved 446464K
  class space    used 3068K, committed 3200K, reserved 421888K
}
Event: 5.076 GC heap before
{Heap before GC invocations=5 (full 0):
 garbage-first heap   total 78848K, used 64412K [0x0000000080000000, 0x0000000100000000)
  region size 1024K, 46 young (47104K), 3 survivors (3072K)
 Metaspace       used 28503K, committed 28800K, reserved 454656K
  class space    used 3960K, committed 4096K, reserved 421888K
}
Event: 5.082 GC heap after
{Heap after GC invocations=6 (full 0):
 garbage-first heap   total 78848K, used 26115K [0x0000000080000000, 0x0000000100000000)
  region size 1024K, 6 young (6144K), 6 survivors (6144K)
 Metaspace       used 28503K, committed 28800K, reserved 454656K
  class space    used 3960K, committed 4096K, reserved 421888K
}

